27-Apr-2021 18:15:50.835 INFO [main] org.apache.catalina.startup.VersionLoggerListener.log Server version name:   Apache Tomcat/10.0.5
27-Apr-2021 18:15:50.840 INFO [main] org.apache.catalina.startup.VersionLoggerListener.log Server built:          Mar 30 2021 08:19:50 UTC
27-Apr-2021 18:15:50.840 INFO [main] org.apache.catalina.startup.VersionLoggerListener.log Server version number: 10.0.5.0
27-Apr-2021 18:15:50.840 INFO [main] org.apache.catalina.startup.VersionLoggerListener.log OS Name:               Mac OS X
27-Apr-2021 18:15:50.840 INFO [main] org.apache.catalina.startup.VersionLoggerListener.log OS Version:            10.15.7
27-Apr-2021 18:15:50.841 INFO [main] org.apache.catalina.startup.VersionLoggerListener.log Architecture:          x86_64
27-Apr-2021 18:15:50.841 INFO [main] org.apache.catalina.startup.VersionLoggerListener.log Java Home:             /Library/Java/JavaVirtualMachines/jdk1.8.0_241.jdk/Contents/Home/jre
27-Apr-2021 18:15:50.841 INFO [main] org.apache.catalina.startup.VersionLoggerListener.log JVM Version:           1.8.0_241-b07
27-Apr-2021 18:15:50.841 INFO [main] org.apache.catalina.startup.VersionLoggerListener.log JVM Vendor:            Oracle Corporation
27-Apr-2021 18:15:50.841 INFO [main] org.apache.catalina.startup.VersionLoggerListener.log CATALINA_BASE:         /Users/asaucedovillanueva/Downloads/tomcat/apache-tomcat-10.0.5
27-Apr-2021 18:15:50.841 INFO [main] org.apache.catalina.startup.VersionLoggerListener.log CATALINA_HOME:         /Users/asaucedovillanueva/Downloads/tomcat/apache-tomcat-10.0.5
27-Apr-2021 18:15:50.852 INFO [main] org.apache.catalina.startup.VersionLoggerListener.log Command line argument: -Djava.util.logging.config.file=/Users/asaucedovillanueva/Downloads/tomcat/apache-tomcat-10.0.5/conf/logging.properties
27-Apr-2021 18:15:50.852 INFO [main] org.apache.catalina.startup.VersionLoggerListener.log Command line argument: -Djava.util.logging.manager=org.apache.juli.ClassLoaderLogManager
27-Apr-2021 18:15:50.852 INFO [main] org.apache.catalina.startup.VersionLoggerListener.log Command line argument: -Djdk.tls.ephemeralDHKeySize=2048
27-Apr-2021 18:15:50.852 INFO [main] org.apache.catalina.startup.VersionLoggerListener.log Command line argument: -Djava.protocol.handler.pkgs=org.apache.catalina.webresources
27-Apr-2021 18:15:50.852 INFO [main] org.apache.catalina.startup.VersionLoggerListener.log Command line argument: -Dorg.apache.catalina.security.SecurityListener.UMASK=0027
27-Apr-2021 18:15:50.852 INFO [main] org.apache.catalina.startup.VersionLoggerListener.log Command line argument: -Dignore.endorsed.dirs=
27-Apr-2021 18:15:50.852 INFO [main] org.apache.catalina.startup.VersionLoggerListener.log Command line argument: -Dcatalina.base=/Users/asaucedovillanueva/Downloads/tomcat/apache-tomcat-10.0.5
27-Apr-2021 18:15:50.853 INFO [main] org.apache.catalina.startup.VersionLoggerListener.log Command line argument: -Dcatalina.home=/Users/asaucedovillanueva/Downloads/tomcat/apache-tomcat-10.0.5
27-Apr-2021 18:15:50.853 INFO [main] org.apache.catalina.startup.VersionLoggerListener.log Command line argument: -Djava.io.tmpdir=/Users/asaucedovillanueva/Downloads/tomcat/apache-tomcat-10.0.5/temp
27-Apr-2021 18:15:50.856 INFO [main] org.apache.catalina.core.AprLifecycleListener.lifecycleEvent The Apache Tomcat Native library which allows using OpenSSL was not found on the java.library.path: [/Users/asaucedovillanueva/Library/Java/Extensions:/Library/Java/Extensions:/Network/Library/Java/Extensions:/System/Library/Java/Extensions:/usr/lib/java:.]
27-Apr-2021 18:15:51.671 INFO [main] org.apache.coyote.AbstractProtocol.init Initializing ProtocolHandler ["http-nio-8080"]
27-Apr-2021 18:15:51.715 INFO [main] org.apache.catalina.startup.Catalina.load Server initialization in [1237] milliseconds
27-Apr-2021 18:15:51.753 INFO [main] org.apache.catalina.core.StandardService.startInternal Starting service [Catalina]
27-Apr-2021 18:15:51.753 INFO [main] org.apache.catalina.core.StandardEngine.startInternal Starting Servlet engine: [Apache Tomcat/10.0.5]
27-Apr-2021 18:15:51.765 INFO [main] org.apache.catalina.startup.HostConfig.deployDirectory Deploying web application directory [/Users/asaucedovillanueva/Downloads/tomcat/apache-tomcat-10.0.5/webapps/docs]
27-Apr-2021 18:15:52.402 INFO [main] org.apache.catalina.startup.HostConfig.deployDirectory Deployment of web application directory [/Users/asaucedovillanueva/Downloads/tomcat/apache-tomcat-10.0.5/webapps/docs] has finished in [549] ms
27-Apr-2021 18:15:52.403 INFO [main] org.apache.catalina.startup.HostConfig.deployDirectory Deploying web application directory [/Users/asaucedovillanueva/Downloads/tomcat/apache-tomcat-10.0.5/webapps/manager]
27-Apr-2021 18:15:52.519 INFO [main] org.apache.catalina.startup.HostConfig.deployDirectory Deployment of web application directory [/Users/asaucedovillanueva/Downloads/tomcat/apache-tomcat-10.0.5/webapps/manager] has finished in [115] ms
27-Apr-2021 18:15:52.519 INFO [main] org.apache.catalina.startup.HostConfig.deployDirectory Deploying web application directory [/Users/asaucedovillanueva/Downloads/tomcat/apache-tomcat-10.0.5/webapps/examples]
27-Apr-2021 18:15:53.171 INFO [main] org.apache.catalina.startup.HostConfig.deployDirectory Deployment of web application directory [/Users/asaucedovillanueva/Downloads/tomcat/apache-tomcat-10.0.5/webapps/examples] has finished in [651] ms
27-Apr-2021 18:15:53.171 INFO [main] org.apache.catalina.startup.HostConfig.deployDirectory Deploying web application directory [/Users/asaucedovillanueva/Downloads/tomcat/apache-tomcat-10.0.5/webapps/ROOT]
27-Apr-2021 18:15:53.206 INFO [main] org.apache.catalina.startup.HostConfig.deployDirectory Deployment of web application directory [/Users/asaucedovillanueva/Downloads/tomcat/apache-tomcat-10.0.5/webapps/ROOT] has finished in [35] ms
27-Apr-2021 18:15:53.206 INFO [main] org.apache.catalina.startup.HostConfig.deployDirectory Deploying web application directory [/Users/asaucedovillanueva/Downloads/tomcat/apache-tomcat-10.0.5/webapps/host-manager]
27-Apr-2021 18:15:53.230 INFO [main] org.apache.catalina.startup.HostConfig.deployDirectory Deployment of web application directory [/Users/asaucedovillanueva/Downloads/tomcat/apache-tomcat-10.0.5/webapps/host-manager] has finished in [24] ms
27-Apr-2021 18:15:53.233 INFO [main] org.apache.coyote.AbstractProtocol.start Starting ProtocolHandler ["http-nio-8080"]
27-Apr-2021 18:15:53.253 INFO [main] org.apache.catalina.startup.Catalina.start Server startup in [1537] milliseconds
27-Apr-2021 18:17:33.277 INFO [Catalina-utility-2] org.apache.catalina.users.MemoryUserDatabase.backgroundProcess Reloading memory user database [UserDatabase] from updated source [file:/Users/asaucedovillanueva/Downloads/tomcat/apache-tomcat-10.0.5/conf/tomcat-users.xml]
27-Apr-2021 18:17:38.395 INFO [main] org.apache.catalina.core.StandardServer.await A valid shutdown command was received via the shutdown port. Stopping the Server instance.
27-Apr-2021 18:17:38.396 INFO [main] org.apache.coyote.AbstractProtocol.pause Pausing ProtocolHandler ["http-nio-8080"]
27-Apr-2021 18:17:38.407 INFO [main] org.apache.catalina.core.StandardService.stopInternal Stopping service [Catalina]
27-Apr-2021 18:17:38.435 INFO [main] org.apache.coyote.AbstractProtocol.stop Stopping ProtocolHandler ["http-nio-8080"]
27-Apr-2021 18:17:38.455 INFO [main] org.apache.coyote.AbstractProtocol.destroy Destroying ProtocolHandler ["http-nio-8080"]
27-Apr-2021 18:17:41.047 INFO [main] org.apache.catalina.startup.VersionLoggerListener.log Server version name:   Apache Tomcat/10.0.5
27-Apr-2021 18:17:41.049 INFO [main] org.apache.catalina.startup.VersionLoggerListener.log Server built:          Mar 30 2021 08:19:50 UTC
27-Apr-2021 18:17:41.049 INFO [main] org.apache.catalina.startup.VersionLoggerListener.log Server version number: 10.0.5.0
27-Apr-2021 18:17:41.049 INFO [main] org.apache.catalina.startup.VersionLoggerListener.log OS Name:               Mac OS X
27-Apr-2021 18:17:41.049 INFO [main] org.apache.catalina.startup.VersionLoggerListener.log OS Version:            10.15.7
27-Apr-2021 18:17:41.049 INFO [main] org.apache.catalina.startup.VersionLoggerListener.log Architecture:          x86_64
27-Apr-2021 18:17:41.049 INFO [main] org.apache.catalina.startup.VersionLoggerListener.log Java Home:             /Library/Java/JavaVirtualMachines/jdk1.8.0_241.jdk/Contents/Home/jre
27-Apr-2021 18:17:41.049 INFO [main] org.apache.catalina.startup.VersionLoggerListener.log JVM Version:           1.8.0_241-b07
27-Apr-2021 18:17:41.049 INFO [main] org.apache.catalina.startup.VersionLoggerListener.log JVM Vendor:            Oracle Corporation
27-Apr-2021 18:17:41.049 INFO [main] org.apache.catalina.startup.VersionLoggerListener.log CATALINA_BASE:         /Users/asaucedovillanueva/Downloads/tomcat/apache-tomcat-10.0.5
27-Apr-2021 18:17:41.049 INFO [main] org.apache.catalina.startup.VersionLoggerListener.log CATALINA_HOME:         /Users/asaucedovillanueva/Downloads/tomcat/apache-tomcat-10.0.5
27-Apr-2021 18:17:41.052 INFO [main] org.apache.catalina.startup.VersionLoggerListener.log Command line argument: -Djava.util.logging.config.file=/Users/asaucedovillanueva/Downloads/tomcat/apache-tomcat-10.0.5/conf/logging.properties
27-Apr-2021 18:17:41.052 INFO [main] org.apache.catalina.startup.VersionLoggerListener.log Command line argument: -Djava.util.logging.manager=org.apache.juli.ClassLoaderLogManager
27-Apr-2021 18:17:41.052 INFO [main] org.apache.catalina.startup.VersionLoggerListener.log Command line argument: -Djdk.tls.ephemeralDHKeySize=2048
27-Apr-2021 18:17:41.052 INFO [main] org.apache.catalina.startup.VersionLoggerListener.log Command line argument: -Djava.protocol.handler.pkgs=org.apache.catalina.webresources
27-Apr-2021 18:17:41.052 INFO [main] org.apache.catalina.startup.VersionLoggerListener.log Command line argument: -Dorg.apache.catalina.security.SecurityListener.UMASK=0027
27-Apr-2021 18:17:41.052 INFO [main] org.apache.catalina.startup.VersionLoggerListener.log Command line argument: -Dignore.endorsed.dirs=
27-Apr-2021 18:17:41.053 INFO [main] org.apache.catalina.startup.VersionLoggerListener.log Command line argument: -Dcatalina.base=/Users/asaucedovillanueva/Downloads/tomcat/apache-tomcat-10.0.5
27-Apr-2021 18:17:41.053 INFO [main] org.apache.catalina.startup.VersionLoggerListener.log Command line argument: -Dcatalina.home=/Users/asaucedovillanueva/Downloads/tomcat/apache-tomcat-10.0.5
27-Apr-2021 18:17:41.053 INFO [main] org.apache.catalina.startup.VersionLoggerListener.log Command line argument: -Djava.io.tmpdir=/Users/asaucedovillanueva/Downloads/tomcat/apache-tomcat-10.0.5/temp
27-Apr-2021 18:17:41.054 INFO [main] org.apache.catalina.core.AprLifecycleListener.lifecycleEvent The Apache Tomcat Native library which allows using OpenSSL was not found on the java.library.path: [/Users/asaucedovillanueva/Library/Java/Extensions:/Library/Java/Extensions:/Network/Library/Java/Extensions:/System/Library/Java/Extensions:/usr/lib/java:.]
27-Apr-2021 18:17:41.316 INFO [main] org.apache.coyote.AbstractProtocol.init Initializing ProtocolHandler ["http-nio-8080"]
27-Apr-2021 18:17:41.335 INFO [main] org.apache.catalina.startup.Catalina.load Server initialization in [419] milliseconds
27-Apr-2021 18:17:41.357 INFO [main] org.apache.catalina.core.StandardService.startInternal Starting service [Catalina]
27-Apr-2021 18:17:41.357 INFO [main] org.apache.catalina.core.StandardEngine.startInternal Starting Servlet engine: [Apache Tomcat/10.0.5]
27-Apr-2021 18:17:41.362 INFO [main] org.apache.catalina.startup.HostConfig.deployDirectory Deploying web application directory [/Users/asaucedovillanueva/Downloads/tomcat/apache-tomcat-10.0.5/webapps/docs]
27-Apr-2021 18:17:41.538 INFO [main] org.apache.catalina.startup.HostConfig.deployDirectory Deployment of web application directory [/Users/asaucedovillanueva/Downloads/tomcat/apache-tomcat-10.0.5/webapps/docs] has finished in [176] ms
27-Apr-2021 18:17:41.538 INFO [main] org.apache.catalina.startup.HostConfig.deployDirectory Deploying web application directory [/Users/asaucedovillanueva/Downloads/tomcat/apache-tomcat-10.0.5/webapps/manager]
27-Apr-2021 18:17:41.566 INFO [main] org.apache.catalina.startup.HostConfig.deployDirectory Deployment of web application directory [/Users/asaucedovillanueva/Downloads/tomcat/apache-tomcat-10.0.5/webapps/manager] has finished in [28] ms
27-Apr-2021 18:17:41.566 INFO [main] org.apache.catalina.startup.HostConfig.deployDirectory Deploying web application directory [/Users/asaucedovillanueva/Downloads/tomcat/apache-tomcat-10.0.5/webapps/examples]
27-Apr-2021 18:17:41.783 INFO [main] org.apache.catalina.startup.HostConfig.deployDirectory Deployment of web application directory [/Users/asaucedovillanueva/Downloads/tomcat/apache-tomcat-10.0.5/webapps/examples] has finished in [217] ms
27-Apr-2021 18:17:41.783 INFO [main] org.apache.catalina.startup.HostConfig.deployDirectory Deploying web application directory [/Users/asaucedovillanueva/Downloads/tomcat/apache-tomcat-10.0.5/webapps/ROOT]
27-Apr-2021 18:17:41.793 INFO [main] org.apache.catalina.startup.HostConfig.deployDirectory Deployment of web application directory [/Users/asaucedovillanueva/Downloads/tomcat/apache-tomcat-10.0.5/webapps/ROOT] has finished in [10] ms
27-Apr-2021 18:17:41.793 INFO [main] org.apache.catalina.startup.HostConfig.deployDirectory Deploying web application directory [/Users/asaucedovillanueva/Downloads/tomcat/apache-tomcat-10.0.5/webapps/host-manager]
27-Apr-2021 18:17:41.805 INFO [main] org.apache.catalina.startup.HostConfig.deployDirectory Deployment of web application directory [/Users/asaucedovillanueva/Downloads/tomcat/apache-tomcat-10.0.5/webapps/host-manager] has finished in [12] ms
27-Apr-2021 18:17:41.807 INFO [main] org.apache.coyote.AbstractProtocol.start Starting ProtocolHandler ["http-nio-8080"]
27-Apr-2021 18:17:41.816 INFO [main] org.apache.catalina.startup.Catalina.start Server startup in [480] milliseconds
27-Apr-2021 18:21:41.907 INFO [Catalina-utility-2] org.apache.catalina.users.MemoryUserDatabase.backgroundProcess Reloading memory user database [UserDatabase] from updated source [file:/Users/asaucedovillanueva/Downloads/tomcat/apache-tomcat-10.0.5/conf/tomcat-users.xml]
27-Apr-2021 18:22:37.887 INFO [main] org.apache.catalina.core.StandardServer.await A valid shutdown command was received via the shutdown port. Stopping the Server instance.
27-Apr-2021 18:22:37.888 INFO [main] org.apache.coyote.AbstractProtocol.pause Pausing ProtocolHandler ["http-nio-8080"]
27-Apr-2021 18:22:37.897 INFO [main] org.apache.catalina.core.StandardService.stopInternal Stopping service [Catalina]
27-Apr-2021 18:22:37.913 INFO [main] org.apache.coyote.AbstractProtocol.stop Stopping ProtocolHandler ["http-nio-8080"]
27-Apr-2021 18:22:37.946 INFO [main] org.apache.coyote.AbstractProtocol.destroy Destroying ProtocolHandler ["http-nio-8080"]
27-Apr-2021 18:22:41.187 INFO [main] org.apache.catalina.startup.VersionLoggerListener.log Server version name:   Apache Tomcat/10.0.5
27-Apr-2021 18:22:41.189 INFO [main] org.apache.catalina.startup.VersionLoggerListener.log Server built:          Mar 30 2021 08:19:50 UTC
27-Apr-2021 18:22:41.189 INFO [main] org.apache.catalina.startup.VersionLoggerListener.log Server version number: 10.0.5.0
27-Apr-2021 18:22:41.189 INFO [main] org.apache.catalina.startup.VersionLoggerListener.log OS Name:               Mac OS X
27-Apr-2021 18:22:41.189 INFO [main] org.apache.catalina.startup.VersionLoggerListener.log OS Version:            10.15.7
27-Apr-2021 18:22:41.189 INFO [main] org.apache.catalina.startup.VersionLoggerListener.log Architecture:          x86_64
27-Apr-2021 18:22:41.189 INFO [main] org.apache.catalina.startup.VersionLoggerListener.log Java Home:             /Library/Java/JavaVirtualMachines/jdk1.8.0_241.jdk/Contents/Home/jre
27-Apr-2021 18:22:41.189 INFO [main] org.apache.catalina.startup.VersionLoggerListener.log JVM Version:           1.8.0_241-b07
27-Apr-2021 18:22:41.189 INFO [main] org.apache.catalina.startup.VersionLoggerListener.log JVM Vendor:            Oracle Corporation
27-Apr-2021 18:22:41.189 INFO [main] org.apache.catalina.startup.VersionLoggerListener.log CATALINA_BASE:         /Users/asaucedovillanueva/Downloads/tomcat/apache-tomcat-10.0.5
27-Apr-2021 18:22:41.189 INFO [main] org.apache.catalina.startup.VersionLoggerListener.log CATALINA_HOME:         /Users/asaucedovillanueva/Downloads/tomcat/apache-tomcat-10.0.5
27-Apr-2021 18:22:41.192 INFO [main] org.apache.catalina.startup.VersionLoggerListener.log Command line argument: -Djava.util.logging.config.file=/Users/asaucedovillanueva/Downloads/tomcat/apache-tomcat-10.0.5/conf/logging.properties
27-Apr-2021 18:22:41.192 INFO [main] org.apache.catalina.startup.VersionLoggerListener.log Command line argument: -Djava.util.logging.manager=org.apache.juli.ClassLoaderLogManager
27-Apr-2021 18:22:41.192 INFO [main] org.apache.catalina.startup.VersionLoggerListener.log Command line argument: -Djdk.tls.ephemeralDHKeySize=2048
27-Apr-2021 18:22:41.192 INFO [main] org.apache.catalina.startup.VersionLoggerListener.log Command line argument: -Djava.protocol.handler.pkgs=org.apache.catalina.webresources
27-Apr-2021 18:22:41.192 INFO [main] org.apache.catalina.startup.VersionLoggerListener.log Command line argument: -Dorg.apache.catalina.security.SecurityListener.UMASK=0027
27-Apr-2021 18:22:41.192 INFO [main] org.apache.catalina.startup.VersionLoggerListener.log Command line argument: -Dignore.endorsed.dirs=
27-Apr-2021 18:22:41.192 INFO [main] org.apache.catalina.startup.VersionLoggerListener.log Command line argument: -Dcatalina.base=/Users/asaucedovillanueva/Downloads/tomcat/apache-tomcat-10.0.5
27-Apr-2021 18:22:41.192 INFO [main] org.apache.catalina.startup.VersionLoggerListener.log Command line argument: -Dcatalina.home=/Users/asaucedovillanueva/Downloads/tomcat/apache-tomcat-10.0.5
27-Apr-2021 18:22:41.193 INFO [main] org.apache.catalina.startup.VersionLoggerListener.log Command line argument: -Djava.io.tmpdir=/Users/asaucedovillanueva/Downloads/tomcat/apache-tomcat-10.0.5/temp
27-Apr-2021 18:22:41.194 INFO [main] org.apache.catalina.core.AprLifecycleListener.lifecycleEvent The Apache Tomcat Native library which allows using OpenSSL was not found on the java.library.path: [/Users/asaucedovillanueva/Library/Java/Extensions:/Library/Java/Extensions:/Network/Library/Java/Extensions:/System/Library/Java/Extensions:/usr/lib/java:.]
27-Apr-2021 18:22:41.466 INFO [main] org.apache.coyote.AbstractProtocol.init Initializing ProtocolHandler ["http-nio-8080"]
27-Apr-2021 18:22:41.486 INFO [main] org.apache.catalina.startup.Catalina.load Server initialization in [430] milliseconds
27-Apr-2021 18:22:41.510 INFO [main] org.apache.catalina.core.StandardService.startInternal Starting service [Catalina]
27-Apr-2021 18:22:41.510 INFO [main] org.apache.catalina.core.StandardEngine.startInternal Starting Servlet engine: [Apache Tomcat/10.0.5]
27-Apr-2021 18:22:41.516 INFO [main] org.apache.catalina.startup.HostConfig.deployDirectory Deploying web application directory [/Users/asaucedovillanueva/Downloads/tomcat/apache-tomcat-10.0.5/webapps/docs]
27-Apr-2021 18:22:41.690 INFO [main] org.apache.catalina.startup.HostConfig.deployDirectory Deployment of web application directory [/Users/asaucedovillanueva/Downloads/tomcat/apache-tomcat-10.0.5/webapps/docs] has finished in [173] ms
27-Apr-2021 18:22:41.690 INFO [main] org.apache.catalina.startup.HostConfig.deployDirectory Deploying web application directory [/Users/asaucedovillanueva/Downloads/tomcat/apache-tomcat-10.0.5/webapps/manager]
27-Apr-2021 18:22:41.714 INFO [main] org.apache.catalina.startup.HostConfig.deployDirectory Deployment of web application directory [/Users/asaucedovillanueva/Downloads/tomcat/apache-tomcat-10.0.5/webapps/manager] has finished in [24] ms
27-Apr-2021 18:22:41.714 INFO [main] org.apache.catalina.startup.HostConfig.deployDirectory Deploying web application directory [/Users/asaucedovillanueva/Downloads/tomcat/apache-tomcat-10.0.5/webapps/examples]
27-Apr-2021 18:22:41.921 INFO [main] org.apache.catalina.startup.HostConfig.deployDirectory Deployment of web application directory [/Users/asaucedovillanueva/Downloads/tomcat/apache-tomcat-10.0.5/webapps/examples] has finished in [207] ms
27-Apr-2021 18:22:41.921 INFO [main] org.apache.catalina.startup.HostConfig.deployDirectory Deploying web application directory [/Users/asaucedovillanueva/Downloads/tomcat/apache-tomcat-10.0.5/webapps/ROOT]
27-Apr-2021 18:22:41.931 INFO [main] org.apache.catalina.startup.HostConfig.deployDirectory Deployment of web application directory [/Users/asaucedovillanueva/Downloads/tomcat/apache-tomcat-10.0.5/webapps/ROOT] has finished in [10] ms
27-Apr-2021 18:22:41.932 INFO [main] org.apache.catalina.startup.HostConfig.deployDirectory Deploying web application directory [/Users/asaucedovillanueva/Downloads/tomcat/apache-tomcat-10.0.5/webapps/host-manager]
27-Apr-2021 18:22:41.945 INFO [main] org.apache.catalina.startup.HostConfig.deployDirectory Deployment of web application directory [/Users/asaucedovillanueva/Downloads/tomcat/apache-tomcat-10.0.5/webapps/host-manager] has finished in [12] ms
27-Apr-2021 18:22:41.947 INFO [main] org.apache.coyote.AbstractProtocol.start Starting ProtocolHandler ["http-nio-8080"]
27-Apr-2021 18:22:41.956 INFO [main] org.apache.catalina.startup.Catalina.start Server startup in [469] milliseconds
27-Apr-2021 18:40:57.182 INFO [main] org.apache.catalina.core.StandardServer.await A valid shutdown command was received via the shutdown port. Stopping the Server instance.
27-Apr-2021 18:40:57.194 INFO [main] org.apache.coyote.AbstractProtocol.pause Pausing ProtocolHandler ["http-nio-8080"]
27-Apr-2021 18:40:57.207 INFO [main] org.apache.catalina.core.StandardService.stopInternal Stopping service [Catalina]
27-Apr-2021 18:40:57.269 INFO [main] org.apache.coyote.AbstractProtocol.stop Stopping ProtocolHandler ["http-nio-8080"]
27-Apr-2021 18:40:57.317 INFO [main] org.apache.coyote.AbstractProtocol.destroy Destroying ProtocolHandler ["http-nio-8080"]
27-Apr-2021 18:40:58.629 INFO [main] org.apache.catalina.startup.VersionLoggerListener.log Server version name:   Apache Tomcat/10.0.5
27-Apr-2021 18:40:58.630 INFO [main] org.apache.catalina.startup.VersionLoggerListener.log Server built:          Mar 30 2021 08:19:50 UTC
27-Apr-2021 18:40:58.630 INFO [main] org.apache.catalina.startup.VersionLoggerListener.log Server version number: 10.0.5.0
27-Apr-2021 18:40:58.630 INFO [main] org.apache.catalina.startup.VersionLoggerListener.log OS Name:               Mac OS X
27-Apr-2021 18:40:58.630 INFO [main] org.apache.catalina.startup.VersionLoggerListener.log OS Version:            10.15.7
27-Apr-2021 18:40:58.630 INFO [main] org.apache.catalina.startup.VersionLoggerListener.log Architecture:          x86_64
27-Apr-2021 18:40:58.630 INFO [main] org.apache.catalina.startup.VersionLoggerListener.log Java Home:             /Library/Java/JavaVirtualMachines/jdk1.8.0_241.jdk/Contents/Home/jre
27-Apr-2021 18:40:58.630 INFO [main] org.apache.catalina.startup.VersionLoggerListener.log JVM Version:           1.8.0_241-b07
27-Apr-2021 18:40:58.630 INFO [main] org.apache.catalina.startup.VersionLoggerListener.log JVM Vendor:            Oracle Corporation
27-Apr-2021 18:40:58.631 INFO [main] org.apache.catalina.startup.VersionLoggerListener.log CATALINA_BASE:         /Users/asaucedovillanueva/Downloads/tomcat/apache-tomcat-10.0.5
27-Apr-2021 18:40:58.631 INFO [main] org.apache.catalina.startup.VersionLoggerListener.log CATALINA_HOME:         /Users/asaucedovillanueva/Downloads/tomcat/apache-tomcat-10.0.5
27-Apr-2021 18:40:58.633 INFO [main] org.apache.catalina.startup.VersionLoggerListener.log Command line argument: -Djava.util.logging.config.file=/Users/asaucedovillanueva/Downloads/tomcat/apache-tomcat-10.0.5/conf/logging.properties
27-Apr-2021 18:40:58.633 INFO [main] org.apache.catalina.startup.VersionLoggerListener.log Command line argument: -Djava.util.logging.manager=org.apache.juli.ClassLoaderLogManager
27-Apr-2021 18:40:58.633 INFO [main] org.apache.catalina.startup.VersionLoggerListener.log Command line argument: -Djdk.tls.ephemeralDHKeySize=2048
27-Apr-2021 18:40:58.633 INFO [main] org.apache.catalina.startup.VersionLoggerListener.log Command line argument: -Djava.protocol.handler.pkgs=org.apache.catalina.webresources
27-Apr-2021 18:40:58.633 INFO [main] org.apache.catalina.startup.VersionLoggerListener.log Command line argument: -Dorg.apache.catalina.security.SecurityListener.UMASK=0027
27-Apr-2021 18:40:58.633 INFO [main] org.apache.catalina.startup.VersionLoggerListener.log Command line argument: -Dignore.endorsed.dirs=
27-Apr-2021 18:40:58.633 INFO [main] org.apache.catalina.startup.VersionLoggerListener.log Command line argument: -Dcatalina.base=/Users/asaucedovillanueva/Downloads/tomcat/apache-tomcat-10.0.5
27-Apr-2021 18:40:58.633 INFO [main] org.apache.catalina.startup.VersionLoggerListener.log Command line argument: -Dcatalina.home=/Users/asaucedovillanueva/Downloads/tomcat/apache-tomcat-10.0.5
27-Apr-2021 18:40:58.634 INFO [main] org.apache.catalina.startup.VersionLoggerListener.log Command line argument: -Djava.io.tmpdir=/Users/asaucedovillanueva/Downloads/tomcat/apache-tomcat-10.0.5/temp
27-Apr-2021 18:40:58.635 INFO [main] org.apache.catalina.core.AprLifecycleListener.lifecycleEvent The Apache Tomcat Native library which allows using OpenSSL was not found on the java.library.path: [/Users/asaucedovillanueva/Library/Java/Extensions:/Library/Java/Extensions:/Network/Library/Java/Extensions:/System/Library/Java/Extensions:/usr/lib/java:.]
27-Apr-2021 18:40:58.907 INFO [main] org.apache.coyote.AbstractProtocol.init Initializing ProtocolHandler ["http-nio-8080"]
27-Apr-2021 18:40:58.931 INFO [main] org.apache.catalina.startup.Catalina.load Server initialization in [433] milliseconds
27-Apr-2021 18:40:58.953 INFO [main] org.apache.catalina.core.StandardService.startInternal Starting service [Catalina]
27-Apr-2021 18:40:58.953 INFO [main] org.apache.catalina.core.StandardEngine.startInternal Starting Servlet engine: [Apache Tomcat/10.0.5]
27-Apr-2021 18:40:58.960 INFO [main] org.apache.catalina.startup.HostConfig.deployDirectory Deploying web application directory [/Users/asaucedovillanueva/Downloads/tomcat/apache-tomcat-10.0.5/webapps/docs]
27-Apr-2021 18:40:59.138 INFO [main] org.apache.catalina.startup.HostConfig.deployDirectory Deployment of web application directory [/Users/asaucedovillanueva/Downloads/tomcat/apache-tomcat-10.0.5/webapps/docs] has finished in [178] ms
27-Apr-2021 18:40:59.138 INFO [main] org.apache.catalina.startup.HostConfig.deployDirectory Deploying web application directory [/Users/asaucedovillanueva/Downloads/tomcat/apache-tomcat-10.0.5/webapps/manager]
27-Apr-2021 18:40:59.163 INFO [main] org.apache.catalina.startup.HostConfig.deployDirectory Deployment of web application directory [/Users/asaucedovillanueva/Downloads/tomcat/apache-tomcat-10.0.5/webapps/manager] has finished in [25] ms
27-Apr-2021 18:40:59.163 INFO [main] org.apache.catalina.startup.HostConfig.deployDirectory Deploying web application directory [/Users/asaucedovillanueva/Downloads/tomcat/apache-tomcat-10.0.5/webapps/examples]
27-Apr-2021 18:40:59.392 INFO [main] org.apache.catalina.startup.HostConfig.deployDirectory Deployment of web application directory [/Users/asaucedovillanueva/Downloads/tomcat/apache-tomcat-10.0.5/webapps/examples] has finished in [229] ms
27-Apr-2021 18:40:59.393 INFO [main] org.apache.catalina.startup.HostConfig.deployDirectory Deploying web application directory [/Users/asaucedovillanueva/Downloads/tomcat/apache-tomcat-10.0.5/webapps/ROOT]
27-Apr-2021 18:40:59.402 INFO [main] org.apache.catalina.startup.HostConfig.deployDirectory Deployment of web application directory [/Users/asaucedovillanueva/Downloads/tomcat/apache-tomcat-10.0.5/webapps/ROOT] has finished in [9] ms
27-Apr-2021 18:40:59.402 INFO [main] org.apache.catalina.startup.HostConfig.deployDirectory Deploying web application directory [/Users/asaucedovillanueva/Downloads/tomcat/apache-tomcat-10.0.5/webapps/host-manager]
27-Apr-2021 18:40:59.417 INFO [main] org.apache.catalina.startup.HostConfig.deployDirectory Deployment of web application directory [/Users/asaucedovillanueva/Downloads/tomcat/apache-tomcat-10.0.5/webapps/host-manager] has finished in [15] ms
27-Apr-2021 18:40:59.419 INFO [main] org.apache.coyote.AbstractProtocol.start Starting ProtocolHandler ["http-nio-8080"]
27-Apr-2021 18:40:59.428 INFO [main] org.apache.catalina.startup.Catalina.start Server startup in [496] milliseconds
27-Apr-2021 18:41:11.107 INFO [http-nio-8080-exec-6] org.apache.catalina.startup.HostConfig.deployWAR Deploying web application archive [/Users/asaucedovillanueva/Downloads/tomcat/apache-tomcat-10.0.5/webapps/jenkins.war]
27-Apr-2021 18:41:17.817 INFO [http-nio-8080-exec-6] org.apache.jasper.servlet.TldScanner.scanJars At least one JAR was scanned for TLDs yet contained no TLDs. Enable debug logging for this logger for a complete list of JARs that were scanned but no TLDs were found in them. Skipping unneeded JARs during scanning can improve startup time and JSP compilation time.
27-Apr-2021 18:41:17.822 SEVERE [http-nio-8080-exec-6] org.apache.catalina.core.StandardContext.startInternal One or more listeners failed to start. Full details will be found in the appropriate container log file
27-Apr-2021 18:41:17.823 SEVERE [http-nio-8080-exec-6] org.apache.catalina.core.StandardContext.startInternal Context [/jenkins] startup failed due to previous errors
27-Apr-2021 18:41:17.836 INFO [http-nio-8080-exec-6] org.apache.catalina.startup.HostConfig.deployWAR Deployment of web application archive [/Users/asaucedovillanueva/Downloads/tomcat/apache-tomcat-10.0.5/webapps/jenkins.war] has finished in [6,730] ms
27-Apr-2021 18:54:40.187 INFO [Catalina-utility-1] org.apache.catalina.users.MemoryUserDatabase.backgroundProcess Reloading memory user database [UserDatabase] from updated source [file:/Users/asaucedovillanueva/Downloads/tomcat/apache-tomcat-10.0.5/conf/tomcat-users.xml]
27-Apr-2021 18:54:40.196 SEVERE [Catalina-utility-1] org.apache.catalina.users.MemoryUserDatabase.open The specified user database [conf/tomcat-users.xml] could not be found
27-Apr-2021 18:54:40.703 INFO [Catalina-utility-1] org.apache.catalina.startup.HostConfig.undeploy Undeploying context []
27-Apr-2021 18:54:40.753 WARNING [Catalina-utility-1] org.apache.catalina.loader.WebappClassLoaderBase.clearReferencesJdbc JDBC driver de-registration failed for web application [ROOT]
	java.lang.NullPointerException
		at org.apache.catalina.loader.WebappClassLoaderBase.clearReferencesJdbc(WebappClassLoaderBase.java:1717)
		at org.apache.catalina.loader.WebappClassLoaderBase.clearReferences(WebappClassLoaderBase.java:1655)
		at org.apache.catalina.loader.WebappClassLoaderBase.stop(WebappClassLoaderBase.java:1591)
		at org.apache.catalina.loader.WebappLoader.stopInternal(WebappLoader.java:431)
		at org.apache.catalina.util.LifecycleBase.stop(LifecycleBase.java:257)
		at org.apache.catalina.core.StandardContext.stopInternal(StandardContext.java:5403)
		at org.apache.catalina.util.LifecycleBase.stop(LifecycleBase.java:257)
		at org.apache.catalina.core.ContainerBase.removeChild(ContainerBase.java:805)
		at org.apache.catalina.startup.HostConfig.undeploy(HostConfig.java:1550)
		at org.apache.catalina.startup.HostConfig.checkResources(HostConfig.java:1477)
		at org.apache.catalina.startup.HostConfig.check(HostConfig.java:1737)
		at org.apache.catalina.startup.HostConfig.lifecycleEvent(HostConfig.java:316)
		at org.apache.catalina.util.LifecycleBase.fireLifecycleEvent(LifecycleBase.java:123)
		at org.apache.catalina.core.ContainerBase.backgroundProcess(ContainerBase.java:1151)
		at org.apache.catalina.core.ContainerBase$ContainerBackgroundProcessor.processChildren(ContainerBase.java:1353)
		at org.apache.catalina.core.ContainerBase$ContainerBackgroundProcessor.processChildren(ContainerBase.java:1357)
		at org.apache.catalina.core.ContainerBase$ContainerBackgroundProcessor.run(ContainerBase.java:1335)
		at java.util.concurrent.Executors$RunnableAdapter.call(Executors.java:511)
		at java.util.concurrent.FutureTask.runAndReset(FutureTask.java:308)
		at java.util.concurrent.ScheduledThreadPoolExecutor$ScheduledFutureTask.access$301(ScheduledThreadPoolExecutor.java:180)
		at java.util.concurrent.ScheduledThreadPoolExecutor$ScheduledFutureTask.run(ScheduledThreadPoolExecutor.java:294)
		at java.util.concurrent.ThreadPoolExecutor.runWorker(ThreadPoolExecutor.java:1149)
		at java.util.concurrent.ThreadPoolExecutor$Worker.run(ThreadPoolExecutor.java:624)
		at org.apache.tomcat.util.threads.TaskThread$WrappingRunnable.run(TaskThread.java:61)
		at java.lang.Thread.run(Thread.java:748)
27-Apr-2021 18:54:41.288 INFO [Catalina-utility-1] org.apache.catalina.startup.HostConfig.undeploy Undeploying context [/jenkins]
27-Apr-2021 18:54:41.807 INFO [Catalina-utility-1] org.apache.catalina.startup.HostConfig.undeploy Undeploying context [/examples]
27-Apr-2021 18:54:41.823 WARNING [Catalina-utility-1] org.apache.catalina.loader.WebappClassLoaderBase.clearReferencesJdbc JDBC driver de-registration failed for web application [examples]
	java.lang.IllegalStateException: java.io.FileNotFoundException: /Users/asaucedovillanueva/Downloads/tomcat/apache-tomcat-10.0.5/webapps/examples/WEB-INF/lib/taglibs-standard-spec-1.2.5-migrated-0.0.1.jar (No such file or directory)
		at org.apache.catalina.webresources.AbstractSingleArchiveResourceSet.getArchiveEntry(AbstractSingleArchiveResourceSet.java:101)
		at org.apache.catalina.webresources.AbstractArchiveResourceSet.getResource(AbstractArchiveResourceSet.java:263)
		at org.apache.catalina.webresources.StandardRoot.getResourceInternal(StandardRoot.java:281)
		at org.apache.catalina.webresources.Cache.getResource(Cache.java:62)
		at org.apache.catalina.webresources.StandardRoot.getResource(StandardRoot.java:216)
		at org.apache.catalina.webresources.StandardRoot.getClassLoaderResource(StandardRoot.java:225)
		at org.apache.catalina.loader.WebappClassLoaderBase.getResourceAsStream(WebappClassLoaderBase.java:1138)
		at org.apache.catalina.loader.WebappClassLoaderBase.clearReferencesJdbc(WebappClassLoaderBase.java:1715)
		at org.apache.catalina.loader.WebappClassLoaderBase.clearReferences(WebappClassLoaderBase.java:1655)
		at org.apache.catalina.loader.WebappClassLoaderBase.stop(WebappClassLoaderBase.java:1591)
		at org.apache.catalina.loader.WebappLoader.stopInternal(WebappLoader.java:431)
		at org.apache.catalina.util.LifecycleBase.stop(LifecycleBase.java:257)
		at org.apache.catalina.core.StandardContext.stopInternal(StandardContext.java:5403)
		at org.apache.catalina.util.LifecycleBase.stop(LifecycleBase.java:257)
		at org.apache.catalina.core.ContainerBase.removeChild(ContainerBase.java:805)
		at org.apache.catalina.startup.HostConfig.undeploy(HostConfig.java:1550)
		at org.apache.catalina.startup.HostConfig.checkResources(HostConfig.java:1477)
		at org.apache.catalina.startup.HostConfig.check(HostConfig.java:1737)
		at org.apache.catalina.startup.HostConfig.lifecycleEvent(HostConfig.java:316)
		at org.apache.catalina.util.LifecycleBase.fireLifecycleEvent(LifecycleBase.java:123)
		at org.apache.catalina.core.ContainerBase.backgroundProcess(ContainerBase.java:1151)
		at org.apache.catalina.core.ContainerBase$ContainerBackgroundProcessor.processChildren(ContainerBase.java:1353)
		at org.apache.catalina.core.ContainerBase$ContainerBackgroundProcessor.processChildren(ContainerBase.java:1357)
		at org.apache.catalina.core.ContainerBase$ContainerBackgroundProcessor.run(ContainerBase.java:1335)
		at java.util.concurrent.Executors$RunnableAdapter.call(Executors.java:511)
		at java.util.concurrent.FutureTask.runAndReset(FutureTask.java:308)
		at java.util.concurrent.ScheduledThreadPoolExecutor$ScheduledFutureTask.access$301(ScheduledThreadPoolExecutor.java:180)
		at java.util.concurrent.ScheduledThreadPoolExecutor$ScheduledFutureTask.run(ScheduledThreadPoolExecutor.java:294)
		at java.util.concurrent.ThreadPoolExecutor.runWorker(ThreadPoolExecutor.java:1149)
		at java.util.concurrent.ThreadPoolExecutor$Worker.run(ThreadPoolExecutor.java:624)
		at org.apache.tomcat.util.threads.TaskThread$WrappingRunnable.run(TaskThread.java:61)
		at java.lang.Thread.run(Thread.java:748)
	Caused by: java.io.FileNotFoundException: /Users/asaucedovillanueva/Downloads/tomcat/apache-tomcat-10.0.5/webapps/examples/WEB-INF/lib/taglibs-standard-spec-1.2.5-migrated-0.0.1.jar (No such file or directory)
		at java.util.zip.ZipFile.open(Native Method)
		at java.util.zip.ZipFile.<init>(ZipFile.java:225)
		at java.util.zip.ZipFile.<init>(ZipFile.java:155)
		at java.util.jar.JarFile.<init>(JarFile.java:166)
		at java.util.jar.JarFile.<init>(JarFile.java:130)
		at org.apache.tomcat.util.compat.JreCompat.jarFileNewInstance(JreCompat.java:241)
		at org.apache.tomcat.util.compat.JreCompat.jarFileNewInstance(JreCompat.java:226)
		at org.apache.catalina.webresources.AbstractArchiveResourceSet.openJarFile(AbstractArchiveResourceSet.java:314)
		at org.apache.catalina.webresources.AbstractSingleArchiveResourceSet.getArchiveEntry(AbstractSingleArchiveResourceSet.java:97)
		... 31 more
27-Apr-2021 18:54:42.328 INFO [Catalina-utility-1] org.apache.catalina.startup.HostConfig.undeploy Undeploying context [/host-manager]
27-Apr-2021 18:54:42.330 WARNING [Catalina-utility-1] org.apache.catalina.loader.WebappClassLoaderBase.clearReferencesJdbc JDBC driver de-registration failed for web application [host-manager]
	java.lang.NullPointerException
		at org.apache.catalina.loader.WebappClassLoaderBase.clearReferencesJdbc(WebappClassLoaderBase.java:1717)
		at org.apache.catalina.loader.WebappClassLoaderBase.clearReferences(WebappClassLoaderBase.java:1655)
		at org.apache.catalina.loader.WebappClassLoaderBase.stop(WebappClassLoaderBase.java:1591)
		at org.apache.catalina.loader.WebappLoader.stopInternal(WebappLoader.java:431)
		at org.apache.catalina.util.LifecycleBase.stop(LifecycleBase.java:257)
		at org.apache.catalina.core.StandardContext.stopInternal(StandardContext.java:5403)
		at org.apache.catalina.util.LifecycleBase.stop(LifecycleBase.java:257)
		at org.apache.catalina.core.ContainerBase.removeChild(ContainerBase.java:805)
		at org.apache.catalina.startup.HostConfig.undeploy(HostConfig.java:1550)
		at org.apache.catalina.startup.HostConfig.checkResources(HostConfig.java:1477)
		at org.apache.catalina.startup.HostConfig.check(HostConfig.java:1737)
		at org.apache.catalina.startup.HostConfig.lifecycleEvent(HostConfig.java:316)
		at org.apache.catalina.util.LifecycleBase.fireLifecycleEvent(LifecycleBase.java:123)
		at org.apache.catalina.core.ContainerBase.backgroundProcess(ContainerBase.java:1151)
		at org.apache.catalina.core.ContainerBase$ContainerBackgroundProcessor.processChildren(ContainerBase.java:1353)
		at org.apache.catalina.core.ContainerBase$ContainerBackgroundProcessor.processChildren(ContainerBase.java:1357)
		at org.apache.catalina.core.ContainerBase$ContainerBackgroundProcessor.run(ContainerBase.java:1335)
		at java.util.concurrent.Executors$RunnableAdapter.call(Executors.java:511)
		at java.util.concurrent.FutureTask.runAndReset(FutureTask.java:308)
		at java.util.concurrent.ScheduledThreadPoolExecutor$ScheduledFutureTask.access$301(ScheduledThreadPoolExecutor.java:180)
		at java.util.concurrent.ScheduledThreadPoolExecutor$ScheduledFutureTask.run(ScheduledThreadPoolExecutor.java:294)
		at java.util.concurrent.ThreadPoolExecutor.runWorker(ThreadPoolExecutor.java:1149)
		at java.util.concurrent.ThreadPoolExecutor$Worker.run(ThreadPoolExecutor.java:624)
		at org.apache.tomcat.util.threads.TaskThread$WrappingRunnable.run(TaskThread.java:61)
		at java.lang.Thread.run(Thread.java:748)
27-Apr-2021 18:54:42.835 INFO [Catalina-utility-1] org.apache.catalina.startup.HostConfig.undeploy Undeploying context [/manager]
27-Apr-2021 18:54:42.839 WARNING [Catalina-utility-1] org.apache.catalina.loader.WebappClassLoaderBase.clearReferencesJdbc JDBC driver de-registration failed for web application [manager]
	java.lang.NullPointerException
		at org.apache.catalina.loader.WebappClassLoaderBase.clearReferencesJdbc(WebappClassLoaderBase.java:1717)
		at org.apache.catalina.loader.WebappClassLoaderBase.clearReferences(WebappClassLoaderBase.java:1655)
		at org.apache.catalina.loader.WebappClassLoaderBase.stop(WebappClassLoaderBase.java:1591)
		at org.apache.catalina.loader.WebappLoader.stopInternal(WebappLoader.java:431)
		at org.apache.catalina.util.LifecycleBase.stop(LifecycleBase.java:257)
		at org.apache.catalina.core.StandardContext.stopInternal(StandardContext.java:5403)
		at org.apache.catalina.util.LifecycleBase.stop(LifecycleBase.java:257)
		at org.apache.catalina.core.ContainerBase.removeChild(ContainerBase.java:805)
		at org.apache.catalina.startup.HostConfig.undeploy(HostConfig.java:1550)
		at org.apache.catalina.startup.HostConfig.checkResources(HostConfig.java:1477)
		at org.apache.catalina.startup.HostConfig.check(HostConfig.java:1737)
		at org.apache.catalina.startup.HostConfig.lifecycleEvent(HostConfig.java:316)
		at org.apache.catalina.util.LifecycleBase.fireLifecycleEvent(LifecycleBase.java:123)
		at org.apache.catalina.core.ContainerBase.backgroundProcess(ContainerBase.java:1151)
		at org.apache.catalina.core.ContainerBase$ContainerBackgroundProcessor.processChildren(ContainerBase.java:1353)
		at org.apache.catalina.core.ContainerBase$ContainerBackgroundProcessor.processChildren(ContainerBase.java:1357)
		at org.apache.catalina.core.ContainerBase$ContainerBackgroundProcessor.run(ContainerBase.java:1335)
		at java.util.concurrent.Executors$RunnableAdapter.call(Executors.java:511)
		at java.util.concurrent.FutureTask.runAndReset(FutureTask.java:308)
		at java.util.concurrent.ScheduledThreadPoolExecutor$ScheduledFutureTask.access$301(ScheduledThreadPoolExecutor.java:180)
		at java.util.concurrent.ScheduledThreadPoolExecutor$ScheduledFutureTask.run(ScheduledThreadPoolExecutor.java:294)
		at java.util.concurrent.ThreadPoolExecutor.runWorker(ThreadPoolExecutor.java:1149)
		at java.util.concurrent.ThreadPoolExecutor$Worker.run(ThreadPoolExecutor.java:624)
		at org.apache.tomcat.util.threads.TaskThread$WrappingRunnable.run(TaskThread.java:61)
		at java.lang.Thread.run(Thread.java:748)
27-Apr-2021 18:54:43.343 INFO [Catalina-utility-1] org.apache.catalina.startup.HostConfig.undeploy Undeploying context [/docs]
27-Apr-2021 18:54:43.345 WARNING [Catalina-utility-1] org.apache.catalina.loader.WebappClassLoaderBase.clearReferencesJdbc JDBC driver de-registration failed for web application [docs]
	java.lang.NullPointerException
		at org.apache.catalina.loader.WebappClassLoaderBase.clearReferencesJdbc(WebappClassLoaderBase.java:1717)
		at org.apache.catalina.loader.WebappClassLoaderBase.clearReferences(WebappClassLoaderBase.java:1655)
		at org.apache.catalina.loader.WebappClassLoaderBase.stop(WebappClassLoaderBase.java:1591)
		at org.apache.catalina.loader.WebappLoader.stopInternal(WebappLoader.java:431)
		at org.apache.catalina.util.LifecycleBase.stop(LifecycleBase.java:257)
		at org.apache.catalina.core.StandardContext.stopInternal(StandardContext.java:5403)
		at org.apache.catalina.util.LifecycleBase.stop(LifecycleBase.java:257)
		at org.apache.catalina.core.ContainerBase.removeChild(ContainerBase.java:805)
		at org.apache.catalina.startup.HostConfig.undeploy(HostConfig.java:1550)
		at org.apache.catalina.startup.HostConfig.checkResources(HostConfig.java:1477)
		at org.apache.catalina.startup.HostConfig.check(HostConfig.java:1737)
		at org.apache.catalina.startup.HostConfig.lifecycleEvent(HostConfig.java:316)
		at org.apache.catalina.util.LifecycleBase.fireLifecycleEvent(LifecycleBase.java:123)
		at org.apache.catalina.core.ContainerBase.backgroundProcess(ContainerBase.java:1151)
		at org.apache.catalina.core.ContainerBase$ContainerBackgroundProcessor.processChildren(ContainerBase.java:1353)
		at org.apache.catalina.core.ContainerBase$ContainerBackgroundProcessor.processChildren(ContainerBase.java:1357)
		at org.apache.catalina.core.ContainerBase$ContainerBackgroundProcessor.run(ContainerBase.java:1335)
		at java.util.concurrent.Executors$RunnableAdapter.call(Executors.java:511)
		at java.util.concurrent.FutureTask.runAndReset(FutureTask.java:308)
		at java.util.concurrent.ScheduledThreadPoolExecutor$ScheduledFutureTask.access$301(ScheduledThreadPoolExecutor.java:180)
		at java.util.concurrent.ScheduledThreadPoolExecutor$ScheduledFutureTask.run(ScheduledThreadPoolExecutor.java:294)
		at java.util.concurrent.ThreadPoolExecutor.runWorker(ThreadPoolExecutor.java:1149)
		at java.util.concurrent.ThreadPoolExecutor$Worker.run(ThreadPoolExecutor.java:624)
		at org.apache.tomcat.util.threads.TaskThread$WrappingRunnable.run(TaskThread.java:61)
		at java.lang.Thread.run(Thread.java:748)
